{"/home/vidasign/coding/sahamyab-twits/src/app.js": {"path":"/home/vidasign/coding/sahamyab-twits/src/app.js","statementMap":{"0":{"start":{"line":8,"column":19},"end":{"line":8,"column":42}},"1":{"start":{"line":10,"column":0},"end":{"line":10,"column":23}},"2":{"start":{"line":11,"column":0},"end":{"line":11,"column":13}},"3":{"start":{"line":14,"column":0},"end":{"line":17,"column":3}},"4":{"start":{"line":15,"column":4},"end":{"line":15,"column":45}},"5":{"start":{"line":16,"column":4},"end":{"line":16,"column":38}}},"fnMap":{"0":{"name":"(anonymous_0)","decl":{"start":{"line":14,"column":32},"end":{"line":14,"column":33}},"loc":{"start":{"line":14,"column":47},"end":{"line":17,"column":1}},"line":14}},"branchMap":{},"s":{"0":0,"1":0,"2":0,"3":0,"4":0,"5":0},"f":{"0":0},"b":{}}
,"/home/vidasign/coding/sahamyab-twits/src/index.js": {"path":"/home/vidasign/coding/sahamyab-twits/src/index.js","statementMap":{"0":{"start":{"line":3,"column":0},"end":{"line":3,"column":107}},"1":{"start":{"line":3,"column":48},"end":{"line":3,"column":105}}},"fnMap":{"0":{"name":"(anonymous_0)","decl":{"start":{"line":3,"column":42},"end":{"line":3,"column":43}},"loc":{"start":{"line":3,"column":48},"end":{"line":3,"column":105}},"line":3}},"branchMap":{},"s":{"0":0,"1":0},"f":{"0":0},"b":{}}
,"/home/vidasign/coding/sahamyab-twits/src/__test__/integration/mock-data.js": {"path":"/home/vidasign/coding/sahamyab-twits/src/__test__/integration/mock-data.js","statementMap":{"0":{"start":{"line":1,"column":23},"end":{"line":16,"column":1}},"1":{"start":{"line":18,"column":32},"end":{"line":24,"column":1}},"2":{"start":{"line":26,"column":32},"end":{"line":32,"column":1}},"3":{"start":{"line":34,"column":21},"end":{"line":63,"column":2}}},"fnMap":{},"branchMap":{},"s":{"0":1,"1":1,"2":1,"3":1},"f":{},"b":{},"_coverageSchema":"1a1c01bbd47fc00a2c39e90264f33305004495a9","hash":"4559d94d5cb6e41cb319624f9888ac93ad308f23"}
,"/home/vidasign/coding/sahamyab-twits/src/config/db.js": {"path":"/home/vidasign/coding/sahamyab-twits/src/config/db.js","statementMap":{"0":{"start":{"line":5,"column":17},"end":{"line":11,"column":6}},"1":{"start":{"line":12,"column":4},"end":{"line":12,"column":16}},"2":{"start":{"line":28,"column":4},"end":{"line":31,"column":7}},"3":{"start":{"line":29,"column":8},"end":{"line":29,"column":30}},"4":{"start":{"line":30,"column":8},"end":{"line":30,"column":19}}},"fnMap":{"0":{"name":"createPool","decl":{"start":{"line":3,"column":16},"end":{"line":3,"column":26}},"loc":{"start":{"line":3,"column":29},"end":{"line":13,"column":1}},"line":3},"1":{"name":"dbInit","decl":{"start":{"line":26,"column":16},"end":{"line":26,"column":22}},"loc":{"start":{"line":26,"column":25},"end":{"line":32,"column":1}},"line":26},"2":{"name":"(anonymous_2)","decl":{"start":{"line":28,"column":31},"end":{"line":28,"column":32}},"loc":{"start":{"line":28,"column":45},"end":{"line":31,"column":5}},"line":28}},"branchMap":{},"s":{"0":1,"1":1,"2":0,"3":0,"4":0},"f":{"0":1,"1":0,"2":0},"b":{},"_coverageSchema":"1a1c01bbd47fc00a2c39e90264f33305004495a9","hash":"48ff53d8716291df0573a0027944edf31eec2638"}
,"/home/vidasign/coding/sahamyab-twits/src/config/twit-types.js": {"path":"/home/vidasign/coding/sahamyab-twits/src/config/twit-types.js","statementMap":{"0":{"start":{"line":1,"column":18},"end":{"line":5,"column":1}}},"fnMap":{},"branchMap":{},"s":{"0":2},"f":{},"b":{},"_coverageSchema":"1a1c01bbd47fc00a2c39e90264f33305004495a9","hash":"79d240078a9186a4d5924c6a74e74034625391f0"}
,"/home/vidasign/coding/sahamyab-twits/src/controllers/twits-controller.js": {"path":"/home/vidasign/coding/sahamyab-twits/src/controllers/twits-controller.js","statementMap":{"0":{"start":{"line":9,"column":4},"end":{"line":19,"column":5}},"1":{"start":{"line":10,"column":22},"end":{"line":10,"column":68}},"2":{"start":{"line":11,"column":25},"end":{"line":15,"column":10}},"3":{"start":{"line":12,"column":12},"end":{"line":12,"column":65}},"4":{"start":{"line":13,"column":46},"end":{"line":13,"column":50}},"5":{"start":{"line":14,"column":12},"end":{"line":14,"column":27}},"6":{"start":{"line":16,"column":8},"end":{"line":16,"column":46}},"7":{"start":{"line":18,"column":8},"end":{"line":18,"column":20}},"8":{"start":{"line":23,"column":4},"end":{"line":28,"column":5}},"9":{"start":{"line":24,"column":8},"end":{"line":24,"column":51}},"10":{"start":{"line":25,"column":8},"end":{"line":25,"column":67}},"11":{"start":{"line":27,"column":8},"end":{"line":27,"column":20}},"12":{"start":{"line":33,"column":4},"end":{"line":47,"column":5}},"13":{"start":{"line":34,"column":22},"end":{"line":34,"column":53}},"14":{"start":{"line":36,"column":8},"end":{"line":36,"column":83}},"15":{"start":{"line":36,"column":50},"end":{"line":36,"column":80}},"16":{"start":{"line":41,"column":20},"end":{"line":42,"column":97}},"17":{"start":{"line":41,"column":60},"end":{"line":41,"column":132}},"18":{"start":{"line":42,"column":31},"end":{"line":42,"column":95}},"19":{"start":{"line":44,"column":8},"end":{"line":44,"column":33}},"20":{"start":{"line":46,"column":8},"end":{"line":46,"column":20}}},"fnMap":{"0":{"name":"getTwits","decl":{"start":{"line":8,"column":22},"end":{"line":8,"column":30}},"loc":{"start":{"line":8,"column":47},"end":{"line":20,"column":1}},"line":8},"1":{"name":"(anonymous_1)","decl":{"start":{"line":11,"column":35},"end":{"line":11,"column":36}},"loc":{"start":{"line":11,"column":43},"end":{"line":15,"column":9}},"line":11},"2":{"name":"deleteTwit","decl":{"start":{"line":22,"column":22},"end":{"line":22,"column":32}},"loc":{"start":{"line":22,"column":49},"end":{"line":29,"column":1}},"line":22},"3":{"name":"addTwits","decl":{"start":{"line":32,"column":22},"end":{"line":32,"column":30}},"loc":{"start":{"line":32,"column":47},"end":{"line":48,"column":1}},"line":32},"4":{"name":"(anonymous_4)","decl":{"start":{"line":36,"column":36},"end":{"line":36,"column":37}},"loc":{"start":{"line":36,"column":50},"end":{"line":36,"column":80}},"line":36},"5":{"name":"(anonymous_5)","decl":{"start":{"line":41,"column":52},"end":{"line":41,"column":53}},"loc":{"start":{"line":41,"column":60},"end":{"line":41,"column":132}},"line":41},"6":{"name":"(anonymous_6)","decl":{"start":{"line":42,"column":17},"end":{"line":42,"column":18}},"loc":{"start":{"line":42,"column":31},"end":{"line":42,"column":95}},"line":42}},"branchMap":{"0":{"loc":{"start":{"line":41,"column":60},"end":{"line":41,"column":132}},"type":"binary-expr","locations":[{"start":{"line":41,"column":61},"end":{"line":41,"column":94}},{"start":{"line":41,"column":99},"end":{"line":41,"column":132}}],"line":41}},"s":{"0":3,"1":3,"2":3,"3":6,"4":6,"5":6,"6":3,"7":0,"8":1,"9":1,"10":1,"11":0,"12":1,"13":1,"14":1,"15":2,"16":1,"17":2,"18":2,"19":1,"20":0},"f":{"0":3,"1":6,"2":1,"3":1,"4":2,"5":2,"6":2},"b":{"0":[2,0]},"_coverageSchema":"1a1c01bbd47fc00a2c39e90264f33305004495a9","hash":"cf2429164429a7e3fcd11d2ec87a5b6d86aae370"}
,"/home/vidasign/coding/sahamyab-twits/src/models/twits-model.js": {"path":"/home/vidasign/coding/sahamyab-twits/src/models/twits-model.js","statementMap":{"0":{"start":{"line":10,"column":13},"end":{"line":10,"column":25}},"1":{"start":{"line":14,"column":19},"end":{"line":14,"column":39}},"2":{"start":{"line":15,"column":4},"end":{"line":24,"column":5}},"3":{"start":{"line":16,"column":22},"end":{"line":18,"column":53}},"4":{"start":{"line":19,"column":8},"end":{"line":19,"column":26}},"5":{"start":{"line":21,"column":8},"end":{"line":21,"column":31}},"6":{"start":{"line":23,"column":8},"end":{"line":23,"column":25}},"7":{"start":{"line":28,"column":19},"end":{"line":28,"column":39}},"8":{"start":{"line":29,"column":4},"end":{"line":36,"column":5}},"9":{"start":{"line":30,"column":8},"end":{"line":30,"column":70}},"10":{"start":{"line":31,"column":8},"end":{"line":31,"column":20}},"11":{"start":{"line":33,"column":8},"end":{"line":33,"column":31}},"12":{"start":{"line":35,"column":8},"end":{"line":35,"column":25}},"13":{"start":{"line":40,"column":19},"end":{"line":40,"column":39}},"14":{"start":{"line":41,"column":4},"end":{"line":55,"column":5}},"15":{"start":{"line":42,"column":25},"end":{"line":48,"column":83}},"16":{"start":{"line":49,"column":8},"end":{"line":49,"column":26}},"17":{"start":{"line":50,"column":8},"end":{"line":50,"column":32}},"18":{"start":{"line":52,"column":8},"end":{"line":52,"column":31}},"19":{"start":{"line":54,"column":8},"end":{"line":54,"column":25}},"20":{"start":{"line":59,"column":19},"end":{"line":59,"column":39}},"21":{"start":{"line":60,"column":4},"end":{"line":70,"column":5}},"22":{"start":{"line":61,"column":8},"end":{"line":64,"column":61}},"23":{"start":{"line":65,"column":8},"end":{"line":65,"column":20}},"24":{"start":{"line":67,"column":8},"end":{"line":67,"column":31}},"25":{"start":{"line":69,"column":8},"end":{"line":69,"column":25}}},"fnMap":{"0":{"name":"getTwits","decl":{"start":{"line":13,"column":22},"end":{"line":13,"column":30}},"loc":{"start":{"line":13,"column":41},"end":{"line":25,"column":1}},"line":13},"1":{"name":"deleteTwit","decl":{"start":{"line":27,"column":22},"end":{"line":27,"column":32}},"loc":{"start":{"line":27,"column":37},"end":{"line":37,"column":1}},"line":27},"2":{"name":"addTwit","decl":{"start":{"line":39,"column":22},"end":{"line":39,"column":29}},"loc":{"start":{"line":39,"column":36},"end":{"line":56,"column":1}},"line":39},"3":{"name":"addUser","decl":{"start":{"line":58,"column":22},"end":{"line":58,"column":29}},"loc":{"start":{"line":58,"column":36},"end":{"line":71,"column":1}},"line":58}},"branchMap":{},"s":{"0":1,"1":0,"2":0,"3":0,"4":0,"5":0,"6":0,"7":1,"8":1,"9":1,"10":1,"11":0,"12":1,"13":0,"14":0,"15":0,"16":0,"17":0,"18":0,"19":0,"20":0,"21":0,"22":0,"23":0,"24":0,"25":0},"f":{"0":0,"1":1,"2":0,"3":0},"b":{},"_coverageSchema":"1a1c01bbd47fc00a2c39e90264f33305004495a9","hash":"28d44fec28f000a612d40a2a78eda932067fbd56"}
,"/home/vidasign/coding/sahamyab-twits/src/routers/twits-router.js": {"path":"/home/vidasign/coding/sahamyab-twits/src/routers/twits-router.js","statementMap":{"0":{"start":{"line":5,"column":15},"end":{"line":5,"column":23}},"1":{"start":{"line":8,"column":0},"end":{"line":8,"column":51}},"2":{"start":{"line":9,"column":0},"end":{"line":9,"column":50}},"3":{"start":{"line":10,"column":0},"end":{"line":10,"column":43}}},"fnMap":{},"branchMap":{},"s":{"0":1,"1":1,"2":1,"3":1},"f":{},"b":{},"_coverageSchema":"1a1c01bbd47fc00a2c39e90264f33305004495a9","hash":"96dfee951209d29fb70d871850872f8cb55372d9"}
,"/home/vidasign/coding/sahamyab-twits/src/services/sahamyar.js": {"path":"/home/vidasign/coding/sahamyab-twits/src/services/sahamyar.js","statementMap":{"0":{"start":{"line":6,"column":4},"end":{"line":31,"column":5}},"1":{"start":{"line":7,"column":23},"end":{"line":15,"column":9}},"2":{"start":{"line":17,"column":22},"end":{"line":17,"column":49}},"3":{"start":{"line":20,"column":23},"end":{"line":20,"column":42}},"4":{"start":{"line":22,"column":8},"end":{"line":23,"column":26}},"5":{"start":{"line":23,"column":12},"end":{"line":23,"column":26}},"6":{"start":{"line":25,"column":25},"end":{"line":25,"column":48}},"7":{"start":{"line":27,"column":8},"end":{"line":27,"column":24}},"8":{"start":{"line":30,"column":8},"end":{"line":30,"column":31}}},"fnMap":{"0":{"name":"sahamyarTwits","decl":{"start":{"line":5,"column":22},"end":{"line":5,"column":35}},"loc":{"start":{"line":5,"column":40},"end":{"line":32,"column":1}},"line":5}},"branchMap":{"0":{"loc":{"start":{"line":22,"column":8},"end":{"line":23,"column":26}},"type":"if","locations":[{"start":{"line":22,"column":8},"end":{"line":23,"column":26}},{"start":{},"end":{}}],"line":22}},"s":{"0":0,"1":0,"2":0,"3":0,"4":0,"5":0,"6":0,"7":0,"8":0},"f":{"0":0},"b":{"0":[0,0]},"_coverageSchema":"1a1c01bbd47fc00a2c39e90264f33305004495a9","hash":"86d9fe69fbe4b60d9b741d9e5777b62375d8d782"}
,"/home/vidasign/coding/sahamyab-twits/src/startups/errors.js": {"path":"/home/vidasign/coding/sahamyab-twits/src/startups/errors.js","statementMap":{"0":{"start":{"line":4,"column":4},"end":{"line":4,"column":34}},"1":{"start":{"line":5,"column":4},"end":{"line":5,"column":14}}},"fnMap":{"0":{"name":"errors","decl":{"start":{"line":3,"column":9},"end":{"line":3,"column":15}},"loc":{"start":{"line":3,"column":37},"end":{"line":6,"column":1}},"line":3}},"branchMap":{},"s":{"0":0,"1":0},"f":{"0":0},"b":{},"_coverageSchema":"1a1c01bbd47fc00a2c39e90264f33305004495a9","hash":"1f95715c7b623dd789537337565fef8cc922a271"}
,"/home/vidasign/coding/sahamyab-twits/src/startups/express-app.js": {"path":"/home/vidasign/coding/sahamyab-twits/src/startups/express-app.js","statementMap":{"0":{"start":{"line":3,"column":12},"end":{"line":3,"column":21}}},"fnMap":{},"branchMap":{},"s":{"0":1},"f":{},"b":{},"_coverageSchema":"1a1c01bbd47fc00a2c39e90264f33305004495a9","hash":"228eb09341501b5e31f71cd28d55b46947e3d5e7"}
,"/home/vidasign/coding/sahamyab-twits/src/startups/global-middlewares.js": {"path":"/home/vidasign/coding/sahamyab-twits/src/startups/global-middlewares.js","statementMap":{"0":{"start":{"line":6,"column":4},"end":{"line":6,"column":28}},"1":{"start":{"line":7,"column":4},"end":{"line":10,"column":7}},"2":{"start":{"line":9,"column":8},"end":{"line":9,"column":15}}},"fnMap":{"0":{"name":"globalMiddlewares","decl":{"start":{"line":5,"column":9},"end":{"line":5,"column":26}},"loc":{"start":{"line":5,"column":32},"end":{"line":12,"column":1}},"line":5},"1":{"name":"(anonymous_1)","decl":{"start":{"line":7,"column":12},"end":{"line":7,"column":13}},"loc":{"start":{"line":7,"column":32},"end":{"line":10,"column":5}},"line":7}},"branchMap":{},"s":{"0":1,"1":1,"2":5},"f":{"0":1,"1":5},"b":{},"_coverageSchema":"1a1c01bbd47fc00a2c39e90264f33305004495a9","hash":"70c22aa2e0cac13bb59562c841f0398371273424"}
,"/home/vidasign/coding/sahamyab-twits/src/startups/load-env.js": {"path":"/home/vidasign/coding/sahamyab-twits/src/startups/load-env.js","statementMap":{"0":{"start":{"line":2,"column":0},"end":{"line":2,"column":32}}},"fnMap":{},"branchMap":{},"s":{"0":1},"f":{},"b":{},"_coverageSchema":"1a1c01bbd47fc00a2c39e90264f33305004495a9","hash":"96ecab51cb2afadd59a8f2b7cb24890954519252"}
,"/home/vidasign/coding/sahamyab-twits/src/startups/router.js": {"path":"/home/vidasign/coding/sahamyab-twits/src/startups/router.js","statementMap":{"0":{"start":{"line":5,"column":4},"end":{"line":5,"column":62}},"1":{"start":{"line":6,"column":4},"end":{"line":6,"column":25}}},"fnMap":{"0":{"name":"routers","decl":{"start":{"line":4,"column":9},"end":{"line":4,"column":16}},"loc":{"start":{"line":4,"column":22},"end":{"line":7,"column":1}},"line":4}},"branchMap":{},"s":{"0":1,"1":1},"f":{"0":1},"b":{},"_coverageSchema":"1a1c01bbd47fc00a2c39e90264f33305004495a9","hash":"24d11af2df01c75d39e71586eb49e64526b092bb"}
,"/home/vidasign/coding/sahamyab-twits/src/startups/server.js": {"path":"/home/vidasign/coding/sahamyab-twits/src/startups/server.js","statementMap":{"0":{"start":{"line":10,"column":8},"end":{"line":11,"column":50}},"1":{"start":{"line":11,"column":12},"end":{"line":11,"column":50}},"2":{"start":{"line":13,"column":8},"end":{"line":13,"column":28}}},"fnMap":{"0":{"name":"(anonymous_0)","decl":{"start":{"line":7,"column":4},"end":{"line":7,"column":5}},"loc":{"start":{"line":7,"column":18},"end":{"line":7,"column":21}},"line":7},"1":{"name":"(anonymous_1)","decl":{"start":{"line":9,"column":4},"end":{"line":9,"column":5}},"loc":{"start":{"line":9,"column":28},"end":{"line":14,"column":5}},"line":9}},"branchMap":{"0":{"loc":{"start":{"line":10,"column":8},"end":{"line":11,"column":50}},"type":"if","locations":[{"start":{"line":10,"column":8},"end":{"line":11,"column":50}},{"start":{},"end":{}}],"line":10}},"s":{"0":0,"1":0,"2":0},"f":{"0":0,"1":0},"b":{"0":[0,0]}}
,"/home/vidasign/coding/sahamyab-twits/src/utils/fetch.js": {"path":"/home/vidasign/coding/sahamyab-twits/src/utils/fetch.js","statementMap":{"0":{"start":{"line":5,"column":4},"end":{"line":16,"column":5}},"1":{"start":{"line":6,"column":25},"end":{"line":6,"column":63}},"2":{"start":{"line":8,"column":8},"end":{"line":9,"column":28}},"3":{"start":{"line":9,"column":12},"end":{"line":9,"column":28}},"4":{"start":{"line":11,"column":23},"end":{"line":11,"column":44}},"5":{"start":{"line":12,"column":8},"end":{"line":12,"column":22}},"6":{"start":{"line":15,"column":8},"end":{"line":15,"column":31}}},"fnMap":{"0":{"name":"httpClient","decl":{"start":{"line":4,"column":15},"end":{"line":4,"column":25}},"loc":{"start":{"line":4,"column":34},"end":{"line":18,"column":1}},"line":4}},"branchMap":{"0":{"loc":{"start":{"line":8,"column":8},"end":{"line":9,"column":28}},"type":"if","locations":[{"start":{"line":8,"column":8},"end":{"line":9,"column":28}},{"start":{},"end":{}}],"line":8}},"s":{"0":0,"1":0,"2":0,"3":0,"4":0,"5":0,"6":0},"f":{"0":0},"b":{"0":[0,0]},"_coverageSchema":"1a1c01bbd47fc00a2c39e90264f33305004495a9","hash":"a630e120eefbb85b01796209ac4e300bbb73143e"}
,"/home/vidasign/coding/sahamyab-twits/src/utils/filter-json.js": {"path":"/home/vidasign/coding/sahamyab-twits/src/utils/filter-json.js","statementMap":{"0":{"start":{"line":4,"column":4},"end":{"line":10,"column":5}},"1":{"start":{"line":5,"column":21},"end":{"line":5,"column":24}},"2":{"start":{"line":6,"column":24},"end":{"line":6,"column":76}},"3":{"start":{"line":6,"column":44},"end":{"line":6,"column":75}},"4":{"start":{"line":7,"column":8},"end":{"line":7,"column":23}},"5":{"start":{"line":9,"column":8},"end":{"line":9,"column":31}}},"fnMap":{"0":{"name":"filterJson","decl":{"start":{"line":3,"column":9},"end":{"line":3,"column":19}},"loc":{"start":{"line":3,"column":32},"end":{"line":11,"column":1}},"line":3},"1":{"name":"(anonymous_1)","decl":{"start":{"line":6,"column":36},"end":{"line":6,"column":37}},"loc":{"start":{"line":6,"column":44},"end":{"line":6,"column":75}},"line":6}},"branchMap":{},"s":{"0":2,"1":2,"2":2,"3":4,"4":2,"5":0},"f":{"0":2,"1":4},"b":{},"_coverageSchema":"1a1c01bbd47fc00a2c39e90264f33305004495a9","hash":"6770389b0a4d6dbcef4d5f7f6d0967a8b8ec7c4e"}
,"/home/vidasign/coding/sahamyab-twits/src/utils/time-differ.js": {"path":"/home/vidasign/coding/sahamyab-twits/src/utils/time-differ.js","statementMap":{"0":{"start":{"line":3,"column":4},"end":{"line":10,"column":5}},"1":{"start":{"line":4,"column":28},"end":{"line":4,"column":38}},"2":{"start":{"line":5,"column":21},"end":{"line":5,"column":36}},"3":{"start":{"line":7,"column":8},"end":{"line":7,"column":36}},"4":{"start":{"line":9,"column":8},"end":{"line":9,"column":31}}},"fnMap":{"0":{"name":"timeDiffer","decl":{"start":{"line":2,"column":9},"end":{"line":2,"column":19}},"loc":{"start":{"line":2,"column":27},"end":{"line":11,"column":1}},"line":2}},"branchMap":{},"s":{"0":1,"1":1,"2":1,"3":1,"4":0},"f":{"0":1},"b":{},"_coverageSchema":"1a1c01bbd47fc00a2c39e90264f33305004495a9","hash":"2d79e8ab7009b91c84a75b3cf8fb0058a4e8f011"}
,"/home/vidasign/coding/sahamyab-twits/src/utils/type-convert.js": {"path":"/home/vidasign/coding/sahamyab-twits/src/utils/type-convert.js","statementMap":{"0":{"start":{"line":4,"column":4},"end":{"line":8,"column":5}},"1":{"start":{"line":5,"column":8},"end":{"line":5,"column":27}},"2":{"start":{"line":7,"column":8},"end":{"line":7,"column":31}},"3":{"start":{"line":12,"column":4},"end":{"line":16,"column":5}},"4":{"start":{"line":13,"column":8},"end":{"line":13,"column":65}},"5":{"start":{"line":13,"column":46},"end":{"line":13,"column":63}},"6":{"start":{"line":15,"column":8},"end":{"line":15,"column":31}}},"fnMap":{"0":{"name":"nameToId","decl":{"start":{"line":3,"column":16},"end":{"line":3,"column":24}},"loc":{"start":{"line":3,"column":31},"end":{"line":9,"column":1}},"line":3},"1":{"name":"idToName","decl":{"start":{"line":11,"column":16},"end":{"line":11,"column":24}},"loc":{"start":{"line":11,"column":29},"end":{"line":17,"column":1}},"line":11},"2":{"name":"(anonymous_2)","decl":{"start":{"line":13,"column":39},"end":{"line":13,"column":40}},"loc":{"start":{"line":13,"column":46},"end":{"line":13,"column":63}},"line":13}},"branchMap":{},"s":{"0":3,"1":3,"2":0,"3":7,"4":7,"5":15,"6":0},"f":{"0":3,"1":7,"2":15},"b":{},"_coverageSchema":"1a1c01bbd47fc00a2c39e90264f33305004495a9","hash":"b08f2cb3a846f37d7c4f3c10e94f2638f3d6150d"}
}
