TN:
SF:src/app.js
FN:14,(anonymous_0)
FNF:1
FNH:0
FNDA:0,(anonymous_0)
DA:8,0
DA:10,0
DA:11,0
DA:14,0
DA:15,0
DA:16,0
LF:6
LH:0
BRF:0
BRH:0
end_of_record
TN:
SF:src/index.js
FN:3,(anonymous_0)
FNF:1
FNH:0
FNDA:0,(anonymous_0)
DA:3,0
LF:1
LH:0
BRF:0
BRH:0
end_of_record
TN:
SF:src/__test__/integration/mock-data.js
FNF:0
FNH:0
DA:1,1
DA:18,1
DA:26,1
DA:34,1
LF:4
LH:4
BRF:0
BRH:0
end_of_record
TN:
SF:src/config/db.js
FN:3,createPool
FN:26,dbInit
FN:28,(anonymous_2)
FNF:3
FNH:1
FNDA:1,createPool
FNDA:0,dbInit
FNDA:0,(anonymous_2)
DA:5,1
DA:12,1
DA:28,0
DA:29,0
DA:30,0
LF:5
LH:2
BRF:0
BRH:0
end_of_record
TN:
SF:src/config/twit-types.js
FNF:0
FNH:0
DA:1,2
LF:1
LH:1
BRF:0
BRH:0
end_of_record
TN:
SF:src/controllers/twits-controller.js
FN:8,getTwits
FN:11,(anonymous_1)
FN:22,deleteTwit
FN:32,addTwits
FN:36,(anonymous_4)
FN:41,(anonymous_5)
FN:42,(anonymous_6)
FNF:7
FNH:7
FNDA:3,getTwits
FNDA:6,(anonymous_1)
FNDA:1,deleteTwit
FNDA:1,addTwits
FNDA:2,(anonymous_4)
FNDA:2,(anonymous_5)
FNDA:2,(anonymous_6)
DA:9,3
DA:10,3
DA:11,3
DA:12,6
DA:13,6
DA:14,6
DA:16,3
DA:18,0
DA:23,1
DA:24,1
DA:25,1
DA:27,0
DA:33,1
DA:34,1
DA:36,2
DA:41,2
DA:42,2
DA:44,1
DA:46,0
LF:19
LH:16
BRDA:41,0,0,2
BRDA:41,0,1,0
BRF:2
BRH:1
end_of_record
TN:
SF:src/models/twits-model.js
FN:13,getTwits
FN:27,deleteTwit
FN:39,addTwit
FN:58,addUser
FNF:4
FNH:1
FNDA:0,getTwits
FNDA:1,deleteTwit
FNDA:0,addTwit
FNDA:0,addUser
DA:10,1
DA:14,0
DA:15,0
DA:16,0
DA:19,0
DA:21,0
DA:23,0
DA:28,1
DA:29,1
DA:30,1
DA:31,1
DA:33,0
DA:35,1
DA:40,0
DA:41,0
DA:42,0
DA:49,0
DA:50,0
DA:52,0
DA:54,0
DA:59,0
DA:60,0
DA:61,0
DA:65,0
DA:67,0
DA:69,0
LF:26
LH:6
BRF:0
BRH:0
end_of_record
TN:
SF:src/routers/twits-router.js
FNF:0
FNH:0
DA:5,1
DA:8,1
DA:9,1
DA:10,1
LF:4
LH:4
BRF:0
BRH:0
end_of_record
TN:
SF:src/services/sahamyar.js
FN:5,sahamyarTwits
FNF:1
FNH:0
FNDA:0,sahamyarTwits
DA:6,0
DA:7,0
DA:17,0
DA:20,0
DA:22,0
DA:23,0
DA:25,0
DA:27,0
DA:30,0
LF:9
LH:0
BRDA:22,0,0,0
BRDA:22,0,1,0
BRF:2
BRH:0
end_of_record
TN:
SF:src/startups/errors.js
FN:3,errors
FNF:1
FNH:0
FNDA:0,errors
DA:4,0
DA:5,0
LF:2
LH:0
BRF:0
BRH:0
end_of_record
TN:
SF:src/startups/express-app.js
FNF:0
FNH:0
DA:3,1
LF:1
LH:1
BRF:0
BRH:0
end_of_record
TN:
SF:src/startups/global-middlewares.js
FN:5,globalMiddlewares
FN:7,(anonymous_1)
FNF:2
FNH:2
FNDA:1,globalMiddlewares
FNDA:5,(anonymous_1)
DA:6,1
DA:7,1
DA:9,5
LF:3
LH:3
BRF:0
BRH:0
end_of_record
TN:
SF:src/startups/load-env.js
FNF:0
FNH:0
DA:2,1
LF:1
LH:1
BRF:0
BRH:0
end_of_record
TN:
SF:src/startups/router.js
FN:4,routers
FNF:1
FNH:1
FNDA:1,routers
DA:5,1
DA:6,1
LF:2
LH:2
BRF:0
BRH:0
end_of_record
TN:
SF:src/startups/server.js
FN:7,(anonymous_0)
FN:9,(anonymous_1)
FNF:2
FNH:0
FNDA:0,(anonymous_0)
FNDA:0,(anonymous_1)
DA:10,0
DA:11,0
DA:13,0
LF:3
LH:0
BRDA:10,0,0,0
BRDA:10,0,1,0
BRF:2
BRH:0
end_of_record
TN:
SF:src/utils/fetch.js
FN:4,httpClient
FNF:1
FNH:0
FNDA:0,httpClient
DA:5,0
DA:6,0
DA:8,0
DA:9,0
DA:11,0
DA:12,0
DA:15,0
LF:7
LH:0
BRDA:8,0,0,0
BRDA:8,0,1,0
BRF:2
BRH:0
end_of_record
TN:
SF:src/utils/filter-json.js
FN:3,filterJson
FN:6,(anonymous_1)
FNF:2
FNH:2
FNDA:2,filterJson
FNDA:4,(anonymous_1)
DA:4,2
DA:5,2
DA:6,4
DA:7,2
DA:9,0
LF:5
LH:4
BRF:0
BRH:0
end_of_record
TN:
SF:src/utils/time-differ.js
FN:2,timeDiffer
FNF:1
FNH:1
FNDA:1,timeDiffer
DA:3,1
DA:4,1
DA:5,1
DA:7,1
DA:9,0
LF:5
LH:4
BRF:0
BRH:0
end_of_record
TN:
SF:src/utils/type-convert.js
FN:3,nameToId
FN:11,idToName
FN:13,(anonymous_2)
FNF:3
FNH:3
FNDA:3,nameToId
FNDA:7,idToName
FNDA:15,(anonymous_2)
DA:4,3
DA:5,3
DA:7,0
DA:12,7
DA:13,15
DA:15,0
LF:6
LH:4
BRF:0
BRH:0
end_of_record
